生成启动时间为 2019/5/25 18:24:07。
     1>项目“C:\Users\Administor\Documents\RobotQ_MapEditor\RobotQME\RobotQME.vcxproj”在节点 2 上(build 个目标)。
     1>InitializeBuildStatus:
         正在创建“Debug\RobotQME.unsuccessfulbuild”，因为已指定“AlwaysCreate”。
       CustomBuild:
         所有输出均为最新。
       ClCompile:
         所有输出均为最新。
         所有输出均为最新。
       ResourceCompile:
         所有输出均为最新。
       Link:
         所有输出均为最新。
         RobotQME.vcxproj -> C:\Users\Administor\Documents\RobotQ_MapEditor\RobotQME\Win32\Debug\RobotQME.exe
       FinalizeBuildStatus:
         正在删除文件“Debug\RobotQME.unsuccessfulbuild”。
         正在对“Debug\RobotQME.lastbuildstate”执行 Touch 任务。
     1>已完成生成项目“C:\Users\Administor\Documents\RobotQ_MapEditor\RobotQME\RobotQME.vcxproj”(build 个目标)的操作。

生成成功。

已用时间 00:00:00.20
