C:\Users\Administrator\我的文档\RobotQ_MapEditor\RobotQME\Debug\cl.command.1.tlog
C:\Users\Administrator\我的文档\RobotQ_MapEditor\RobotQME\Debug\CL.read.1.tlog
C:\Users\Administrator\我的文档\RobotQ_MapEditor\RobotQME\Debug\CL.write.1.tlog
C:\Users\Administrator\我的文档\RobotQ_MapEditor\RobotQME\Debug\custombuild.command.1.tlog
C:\Users\Administrator\我的文档\RobotQ_MapEditor\RobotQME\Debug\custombuild.read.1.tlog
C:\Users\Administrator\我的文档\RobotQ_MapEditor\RobotQME\Debug\custombuild.write.1.tlog
C:\USERS\ADMINISTRATOR\我的文档\ROBOTQ_MAPEDITOR\ROBOTQME\DEBUG\DATAMANAGER.OBJ
C:\USERS\ADMINISTRATOR\我的文档\ROBOTQ_MAPEDITOR\ROBOTQME\DEBUG\DLGNEW.OBJ
C:\USERS\ADMINISTRATOR\我的文档\ROBOTQ_MAPEDITOR\ROBOTQME\DEBUG\ICON.RES
C:\Users\Administrator\我的文档\RobotQ_MapEditor\RobotQME\Debug\link.command.1.tlog
C:\Users\Administrator\我的文档\RobotQ_MapEditor\RobotQME\Debug\link.read.1.tlog
C:\Users\Administrator\我的文档\RobotQ_MapEditor\RobotQME\Debug\link.write.1.tlog
C:\Users\Administrator\我的文档\RobotQ_MapEditor\RobotQME\Debug\link-cvtres.read.1.tlog
C:\Users\Administrator\我的文档\RobotQ_MapEditor\RobotQME\Debug\link-cvtres.write.1.tlog
C:\USERS\ADMINISTRATOR\我的文档\ROBOTQ_MAPEDITOR\ROBOTQME\DEBUG\MAIN.OBJ
C:\USERS\ADMINISTRATOR\我的文档\ROBOTQ_MAPEDITOR\ROBOTQME\DEBUG\MOC_DLGNEW.OBJ
C:\USERS\ADMINISTRATOR\我的文档\ROBOTQ_MAPEDITOR\ROBOTQME\DEBUG\MOC_ROBOTQME.OBJ
C:\Users\Administrator\我的文档\RobotQ_MapEditor\RobotQME\Debug\mt.command.1.tlog
C:\Users\Administrator\我的文档\RobotQ_MapEditor\RobotQME\Debug\mt.read.1.tlog
C:\Users\Administrator\我的文档\RobotQ_MapEditor\RobotQME\Debug\mt.write.1.tlog
C:\USERS\ADMINISTRATOR\我的文档\ROBOTQ_MAPEDITOR\ROBOTQME\DEBUG\QRC_ROBOTQME.OBJ
C:\Users\Administrator\我的文档\RobotQ_MapEditor\RobotQME\Debug\rc.command.1.tlog
C:\Users\Administrator\我的文档\RobotQ_MapEditor\RobotQME\Debug\rc.read.1.tlog
C:\Users\Administrator\我的文档\RobotQ_MapEditor\RobotQME\Debug\rc.write.1.tlog
C:\USERS\ADMINISTRATOR\我的文档\ROBOTQ_MAPEDITOR\ROBOTQME\DEBUG\ROBOTQME.EXE.INTERMEDIATE.MANIFEST
C:\USERS\ADMINISTRATOR\我的文档\ROBOTQ_MAPEDITOR\ROBOTQME\DEBUG\ROBOTQME.OBJ
C:\Users\Administrator\我的文档\RobotQ_MapEditor\RobotQME\Debug\RobotQME.vcxprojResolveAssemblyReference.cache
C:\Users\Administrator\我的文档\RobotQ_MapEditor\RobotQME\Debug\RobotQME.write.1.tlog
C:\USERS\ADMINISTRATOR\我的文档\ROBOTQ_MAPEDITOR\ROBOTQME\DEBUG\VC100.PDB
C:\USERS\ADMINISTRATOR\我的文档\ROBOTQ_MAPEDITOR\ROBOTQME\GENERATEDFILES\DEBUG\MOC_DLGNEW.CPP
C:\USERS\ADMINISTRATOR\我的文档\ROBOTQ_MAPEDITOR\ROBOTQME\GENERATEDFILES\DEBUG\MOC_ROBOTQME.CPP
C:\USERS\ADMINISTRATOR\我的文档\ROBOTQ_MAPEDITOR\ROBOTQME\GENERATEDFILES\QRC_ROBOTQME.CPP
C:\USERS\ADMINISTRATOR\我的文档\ROBOTQ_MAPEDITOR\ROBOTQME\GENERATEDFILES\UI_DLGNEW.H
C:\USERS\ADMINISTRATOR\我的文档\ROBOTQ_MAPEDITOR\ROBOTQME\GENERATEDFILES\UI_ROBOTQME.H
C:\USERS\ADMINISTRATOR\我的文档\ROBOTQ_MAPEDITOR\ROBOTQME\WIN32\DEBUG\ROBOTQME.EXE
C:\USERS\ADMINISTRATOR\我的文档\ROBOTQ_MAPEDITOR\ROBOTQME\WIN32\DEBUG\ROBOTQME.ILK
C:\USERS\ADMINISTRATOR\我的文档\ROBOTQ_MAPEDITOR\ROBOTQME\WIN32\DEBUG\ROBOTQME.PDB
